Coloring Book for Kids
=>raiz esq esq esq DIR dir DIR DIR DIR DIR dir DIR DIR DIR ESQ ESQ dir esq esq esq ESQ dir ESQ ESQ ESQ ESQ dir esq esq esq dir esq ESQ dir ESQ ESQ dir esq dir esq esq ESQ dir ESQ ESQ dir esq esq ESQ ESQ dir ESQ ESQ dir ESQ ESQ ESQ ESQ dir esq dir ESQ ESQ ESQ ESQ ESQ ESQ ESQ dir esq esq esq esq esq ESQ dir ESQ dir ESQ dir esq ESQ dir ESQ ESQ dir esq dir dir ESQ ESQ ESQ ESQ NAO
After The War
=>raiz esq esq esq ESQ ESQ DIR DIR dir ESQ ESQ DIR DIR ESQ dir ESQ ESQ ESQ dir esq esq esq ESQ dir ESQ ESQ ESQ ESQ dir esq esq esq dir esq ESQ dir ESQ ESQ dir esq dir esq esq ESQ dir ESQ ESQ dir esq esq ESQ ESQ dir ESQ ESQ dir ESQ ESQ ESQ ESQ dir esq dir ESQ ESQ ESQ ESQ ESQ ESQ ESQ dir esq esq esq esq esq ESQ dir ESQ dir ESQ dir esq ESQ dir ESQ ESQ dir esq dir dir ESQ ESQ ESQ ESQ NAO
EDEN STAR
=>raiz esq esq esq DIR dir DIR DIR DIR DIR dir DIR DIR DIR DIR dir esq esq esq dir ESQ ESQ ESQ dir esq esq esq dir esq ESQ dir ESQ ESQ dir esq dir esq esq ESQ dir ESQ ESQ dir esq esq ESQ ESQ dir ESQ ESQ dir ESQ ESQ ESQ ESQ dir esq dir ESQ ESQ ESQ ESQ ESQ ESQ ESQ dir esq esq esq esq esq ESQ dir ESQ dir ESQ dir esq ESQ dir ESQ ESQ dir esq dir dir ESQ ESQ DIR NAO
Battle Brothers
=>raiz esq esq esq DIR dir DIR DIR ESQ dir DIR ESQ ESQ ESQ dir esq esq esq ESQ dir ESQ ESQ ESQ ESQ dir esq esq esq dir esq ESQ dir ESQ ESQ dir esq dir esq esq ESQ dir ESQ ESQ dir esq esq ESQ ESQ dir ESQ ESQ dir ESQ ESQ ESQ ESQ dir esq dir ESQ ESQ ESQ ESQ ESQ ESQ ESQ dir esq esq esq esq esq ESQ dir ESQ dir ESQ dir esq ESQ dir ESQ ESQ dir esq dir dir ESQ ESQ ESQ ESQ NAO
Fugl
=>raiz esq esq esq DIR dir DIR DIR DIR DIR dir DIR DIR DIR DIR dir esq esq esq DIR dir DIR DIR DIR dir esq esq esq dir esq ESQ dir ESQ ESQ dir esq dir esq esq ESQ dir ESQ ESQ dir esq esq ESQ ESQ dir ESQ ESQ dir ESQ ESQ ESQ ESQ dir esq dir ESQ ESQ DIR DIR ESQ ESQ dir esq esq esq esq esq ESQ dir ESQ dir ESQ dir esq ESQ dir ESQ ESQ dir esq dir dir ESQ ESQ DIR NAO
Crypto Is Dead
=>raiz esq esq esq DIR dir DIR DIR DIR DIR dir DIR DIR DIR ESQ ESQ dir esq esq esq ESQ dir ESQ ESQ ESQ ESQ dir esq esq esq dir esq ESQ dir ESQ ESQ dir esq dir esq esq ESQ dir ESQ ESQ dir esq esq ESQ ESQ dir ESQ ESQ dir ESQ ESQ ESQ ESQ dir esq dir ESQ ESQ ESQ ESQ ESQ ESQ ESQ dir esq esq esq esq esq ESQ dir ESQ dir ESQ dir esq ESQ dir ESQ ESQ dir esq dir dir ESQ ESQ ESQ ESQ NAO
BAD END THEATER
=>raiz esq esq esq DIR dir DIR ESQ dir ESQ ESQ ESQ dir esq esq esq ESQ dir ESQ ESQ ESQ ESQ dir esq esq esq dir esq ESQ dir ESQ ESQ dir esq dir esq esq ESQ dir ESQ ESQ dir esq esq ESQ ESQ dir ESQ ESQ dir ESQ ESQ ESQ ESQ dir esq dir ESQ ESQ ESQ ESQ ESQ ESQ ESQ dir esq esq esq esq esq ESQ dir ESQ dir ESQ dir esq ESQ dir ESQ ESQ dir esq dir dir ESQ ESQ ESQ ESQ NAO
HUNTDOWN
=>raiz esq esq esq DIR dir DIR DIR DIR DIR dir DIR DIR DIR DIR dir esq esq esq DIR dir DIR DIR DIR dir esq esq esq dir esq dir ESQ dir esq dir esq esq ESQ dir ESQ ESQ dir esq esq ESQ ESQ dir ESQ ESQ dir ESQ ESQ ESQ ESQ dir esq dir ESQ ESQ DIR DIR ESQ ESQ dir esq esq esq esq esq ESQ dir ESQ dir ESQ dir esq ESQ dir ESQ ESQ dir esq dir dir ESQ ESQ DIR NAO
Alien Prop Hunt
=>raiz esq esq esq ESQ ESQ DIR DIR dir ESQ ESQ DIR DIR ESQ dir ESQ ESQ ESQ dir esq esq esq ESQ dir ESQ ESQ ESQ ESQ dir esq esq esq dir esq ESQ dir ESQ ESQ dir esq dir esq esq ESQ dir ESQ ESQ dir esq esq ESQ ESQ dir ESQ ESQ dir ESQ ESQ ESQ ESQ dir esq dir ESQ ESQ ESQ ESQ ESQ ESQ ESQ dir esq esq esq esq esq ESQ dir ESQ dir ESQ dir esq ESQ dir ESQ ESQ dir esq dir dir ESQ ESQ ESQ ESQ NAO
Motorama
=>raiz esq esq esq DIR dir DIR DIR DIR DIR dir DIR DIR DIR DIR dir esq esq esq DIR dir DIR DIR DIR dir esq esq esq dir esq DIR DIR dir DIR DIR DIR dir esq dir esq esq DIR DIR dir DIR DIR DIR DIR dir esq esq DIR ESQ dir DIR ESQ dir DIR DIR DIR ESQ ESQ dir esq dir ESQ ESQ DIR DIR ESQ ESQ dir esq esq esq esq esq ESQ dir ESQ dir ESQ dir esq ESQ dir ESQ ESQ dir esq dir dir ESQ ESQ DIR NAO
BAD END THEATER
=>raiz esq esq esq DIR dir DIR ESQ dir ESQ ESQ ESQ dir esq esq esq ESQ dir ESQ ESQ ESQ ESQ dir esq esq esq dir esq ESQ dir ESQ ESQ dir esq dir esq esq ESQ dir ESQ ESQ dir esq esq ESQ ESQ dir ESQ ESQ dir ESQ ESQ ESQ ESQ dir esq dir ESQ ESQ ESQ ESQ ESQ ESQ ESQ dir esq esq esq esq esq ESQ dir ESQ dir ESQ dir esq ESQ dir ESQ ESQ dir esq dir dir ESQ ESQ ESQ ESQ NAO
Homebrew - Patent Unknown
=>raiz esq esq esq DIR dir DIR DIR DIR DIR dir DIR DIR DIR DIR dir esq esq esq DIR dir DIR DIR DIR dir esq esq esq dir esq DIR dir DIR ESQ dir esq dir esq esq ESQ dir ESQ ESQ dir esq esq ESQ ESQ dir ESQ ESQ dir ESQ ESQ ESQ ESQ dir esq dir ESQ ESQ DIR DIR ESQ ESQ dir esq esq esq esq esq ESQ dir ESQ dir ESQ dir esq ESQ dir ESQ ESQ dir esq dir dir ESQ ESQ DIR NAO
Football Manager 2019 Touch
=>raiz esq esq esq DIR dir DIR DIR DIR DIR dir DIR DIR DIR DIR dir esq esq esq DIR dir DIR DIR DIR dir esq esq esq dir esq ESQ dir ESQ ESQ dir esq dir esq esq ESQ dir ESQ ESQ dir esq esq ESQ ESQ dir ESQ ESQ dir ESQ ESQ ESQ ESQ dir esq dir ESQ ESQ DIR DIR ESQ ESQ dir esq esq esq esq esq ESQ dir ESQ dir ESQ dir esq ESQ dir ESQ ESQ dir esq dir dir ESQ ESQ DIR NAO
Everreach: Project Eden
=>raiz esq esq esq DIR dir DIR DIR DIR DIR dir DIR DIR DIR DIR dir esq esq esq DIR dir DIR ESQ ESQ ESQ dir esq esq esq dir esq ESQ dir ESQ ESQ dir esq dir esq esq ESQ dir ESQ ESQ dir esq esq ESQ ESQ dir ESQ ESQ dir ESQ ESQ ESQ ESQ dir esq dir ESQ ESQ ESQ ESQ ESQ ESQ ESQ dir esq esq esq esq esq ESQ dir ESQ dir ESQ dir esq ESQ dir ESQ ESQ dir esq dir dir ESQ ESQ DIR NAO
